This file contains any messages produced by compilers while
running configure, to aid debugging if configure makes a mistake.

It was created by dystru configure 0.1, which was
generated by GNU Autoconf 2.69.  Invocation command line was

  $ ./configure 

## --------- ##
## Platform. ##
## --------- ##

hostname = florians-mbp
uname -m = x86_64
uname -r = 13.0.0
uname -s = Darwin
uname -v = Darwin Kernel Version 13.0.0: Thu Sep 19 22:22:27 PDT 2013; root:xnu-2422.1.72~6/RELEASE_X86_64

/usr/bin/uname -p = i386
/bin/uname -X     = unknown

/bin/arch              = unknown
/usr/bin/arch -k       = unknown
/usr/convex/getsysinfo = unknown
/usr/bin/hostinfo      = Mach kernel version:
	 Darwin Kernel Version 13.0.0: Thu Sep 19 22:22:27 PDT 2013; root:xnu-2422.1.72~6/RELEASE_X86_64
Kernel configured for up to 8 processors.
4 processors are physically available.
8 processors are logically available.
Processor type: i486 (Intel 80486)
Processors active: 0 1 2 3 4 5 6 7
Primary memory available: 8.00 gigabytes
Default processor set: 258 tasks, 1297 threads, 8 processors
Load average: 2.06, Mach factor: 5.93
/bin/machine           = unknown
/usr/bin/oslevel       = unknown
/bin/universe          = unknown

PATH: /opt/local/bin
PATH: /opt/local/sbin
PATH: .
PATH: /usr/bin
PATH: /bin
PATH: /usr/sbin
PATH: /sbin
PATH: /usr/local/bin
PATH: /code/shell/admin_tools
PATH: /Users/florian/environment/code/shell/admin_scripts
PATH: /Applications/TrueCrypt.app/Contents/MacOS/
PATH: /Users/florian/Skripts/sysSkripts/
PATH: /usr/brlcad/bin
PATH: /Applications/VMware OVF Tool/
PATH: /opt/local/bin
PATH: /opt/local/sbin/
PATH: /Users/florian/environment/code/applescript
PATH: /Users/florian/environment/code/shell/admin_scripts
PATH: /Users/florian/environment/code/shell/admin_tools


## ----------- ##
## Core tests. ##
## ----------- ##

configure:2249: checking for a BSD-compatible install
configure:2317: result: /usr/bin/install -c
configure:2328: checking whether build environment is sane
configure:2383: result: yes
configure:2534: checking for a thread-safe mkdir -p
configure:2573: result: ./install-sh -c -d
configure:2580: checking for gawk
configure:2610: result: no
configure:2580: checking for mawk
configure:2610: result: no
configure:2580: checking for nawk
configure:2610: result: no
configure:2580: checking for awk
configure:2596: found /usr/bin/awk
configure:2607: result: awk
configure:2618: checking whether make sets $(MAKE)
configure:2640: result: yes
configure:2669: checking whether make supports nested variables
configure:2686: result: yes
configure:2840: checking build system type
configure:2854: result: x86_64-apple-darwin13.0.0
configure:2874: checking host system type
configure:2887: result: x86_64-apple-darwin13.0.0
configure:2928: checking how to print strings
configure:2955: result: printf
configure:2988: checking for style of include used by make
configure:3016: result: GNU
configure:3087: checking for gcc
configure:3103: found /usr/bin/gcc
configure:3114: result: gcc
configure:3343: checking for C compiler version
configure:3352: gcc --version >&5
Apple LLVM version 5.0 (clang-500.2.79) (based on LLVM 3.3svn)
Target: x86_64-apple-darwin13.0.0
Thread model: posix
Configured with: --prefix=/Applications/Xcode.app/Contents/Developer/usr --with-gxx-include-dir=/usr/include/c++/4.2.1
configure:3363: $? = 0
configure:3352: gcc -v >&5
Configured with: --prefix=/Applications/Xcode.app/Contents/Developer/usr --with-gxx-include-dir=/usr/include/c++/4.2.1
Apple LLVM version 5.0 (clang-500.2.79) (based on LLVM 3.3svn)
Target: x86_64-apple-darwin13.0.0
Thread model: posix
configure:3363: $? = 0
configure:3352: gcc -V >&5
clang: error: argument to '-V' is missing (expected 1 value)
clang: error: no input files
configure:3363: $? = 1
configure:3352: gcc -qversion >&5
clang: error: no input files
configure:3363: $? = 1
configure:3383: checking whether the C compiler works
configure:3405: gcc    conftest.c  >&5
configure:3409: $? = 0
configure:3457: result: yes
configure:3460: checking for C compiler default output file name
configure:3462: result: a.out
configure:3468: checking for suffix of executables
configure:3475: gcc -o conftest    conftest.c  >&5
configure:3479: $? = 0
configure:3501: result: 
configure:3523: checking whether we are cross compiling
configure:3531: gcc -o conftest    conftest.c  >&5
configure:3535: $? = 0
configure:3542: ./conftest
configure:3546: $? = 0
configure:3561: result: no
configure:3566: checking for suffix of object files
configure:3588: gcc -c   conftest.c >&5
configure:3592: $? = 0
configure:3613: result: o
configure:3617: checking whether we are using the GNU C compiler
configure:3636: gcc -c   conftest.c >&5
configure:3636: $? = 0
configure:3645: result: yes
configure:3654: checking whether gcc accepts -g
configure:3674: gcc -c -g  conftest.c >&5
configure:3674: $? = 0
configure:3715: result: yes
configure:3732: checking for gcc option to accept ISO C89
configure:3795: gcc  -c -g -O2  conftest.c >&5
configure:3795: $? = 0
configure:3808: result: none needed
configure:3833: checking whether gcc understands -c and -o together
configure:3855: gcc -c conftest.c -o conftest2.o
configure:3858: $? = 0
configure:3855: gcc -c conftest.c -o conftest2.o
configure:3858: $? = 0
configure:3870: result: yes
configure:3889: checking dependency style of gcc
configure:4000: result: gcc3
configure:4015: checking for a sed that does not truncate output
configure:4079: result: /usr/bin/sed
configure:4097: checking for grep that handles long lines and -e
configure:4155: result: /usr/bin/grep
configure:4160: checking for egrep
configure:4222: result: /usr/bin/grep -E
configure:4227: checking for fgrep
configure:4289: result: /usr/bin/grep -F
configure:4324: checking for ld used by gcc
configure:4391: result: /Applications/Xcode.app/Contents/Developer/Toolchains/XcodeDefault.xctoolchain/usr/bin/ld
configure:4398: checking if the linker (/Applications/Xcode.app/Contents/Developer/Toolchains/XcodeDefault.xctoolchain/usr/bin/ld) is GNU ld
configure:4413: result: no
configure:4425: checking for BSD- or MS-compatible name lister (nm)
configure:4474: result: /opt/local/bin/nm
configure:4604: checking the name lister (/opt/local/bin/nm) interface
configure:4611: gcc -c -g -O2  conftest.c >&5
configure:4614: /opt/local/bin/nm "conftest.o"
configure:4617: output
0000000000000204 S _some_variable
configure:4624: result: BSD nm
configure:4627: checking whether ln -s works
configure:4631: result: yes
configure:4639: checking the maximum length of command line arguments
configure:4769: result: 196608
configure:4786: checking whether the shell understands some XSI constructs
configure:4796: result: yes
configure:4800: checking whether the shell understands "+="
configure:4806: result: yes
configure:4841: checking how to convert x86_64-apple-darwin13.0.0 file names to x86_64-apple-darwin13.0.0 format
configure:4881: result: func_convert_file_noop
configure:4888: checking how to convert x86_64-apple-darwin13.0.0 file names to toolchain format
configure:4908: result: func_convert_file_noop
configure:4915: checking for /Applications/Xcode.app/Contents/Developer/Toolchains/XcodeDefault.xctoolchain/usr/bin/ld option to reload object files
configure:4922: result: -r
configure:4996: checking for objdump
configure:5026: result: no
configure:5055: checking how to recognize dependent libraries
configure:5257: result: pass_all
configure:5342: checking for dlltool
configure:5372: result: no
configure:5402: checking how to associate runtime and link libraries
configure:5429: result: printf %s\n
configure:5490: checking for ar
configure:5506: found /opt/local/bin/ar
configure:5517: result: ar
configure:5554: checking for archiver @FILE support
configure:5571: gcc -c -g -O2  conftest.c >&5
configure:5571: $? = 0
configure:5574: ar cru libconftest.a @conftest.lst >&5
ar: @conftest.lst: No such file or directory
configure:5577: $? = 1
configure:5597: result: no
configure:5655: checking for strip
configure:5671: found /opt/local/bin/strip
configure:5682: result: strip
configure:5754: checking for ranlib
configure:5770: found /opt/local/bin/ranlib
configure:5781: result: ranlib
configure:5883: checking command to parse /opt/local/bin/nm output from gcc object
configure:6003: gcc -c -g -O2  conftest.c >&5
configure:6006: $? = 0
configure:6010: /opt/local/bin/nm conftest.o \| sed -n -e 's/^.*[ ]\([BCDEGRST][BCDEGRST]*\)[ ][ ]*\([_A-Za-z][_A-Za-z0-9]*\)$/\1 \2 \2/p' | sed '/ __gnu_lto/d' \> conftest.nm
configure:6013: $? = 0
cannot find nm_test_var in conftest.nm
configure:6003: gcc -c -g -O2  conftest.c >&5
configure:6006: $? = 0
configure:6010: /opt/local/bin/nm conftest.o \| sed -n -e 's/^.*[ ]\([BCDEGRST][BCDEGRST]*\)[ ][ ]*_\([_A-Za-z][_A-Za-z0-9]*\)$/\1 _\2 \2/p' | sed '/ __gnu_lto/d' \> conftest.nm
configure:6013: $? = 0
configure:6079: gcc -o conftest -g -O2   conftest.c conftstm.o >&5
configure:6082: $? = 0
configure:6120: result: ok
configure:6157: checking for sysroot
configure:6187: result: no
configure:6443: checking for mt
configure:6473: result: no
configure:6493: checking if : is a manifest tool
configure:6499: : '-?'
configure:6507: result: no
configure:6563: checking for dsymutil
configure:6579: found /usr/bin/dsymutil
configure:6590: result: dsymutil
configure:6655: checking for nmedit
configure:6671: found /opt/local/bin/nmedit
configure:6682: result: nmedit
configure:6747: checking for lipo
configure:6763: found /opt/local/bin/lipo
configure:6774: result: lipo
configure:6839: checking for otool
configure:6855: found /opt/local/bin/otool
configure:6866: result: otool
configure:6931: checking for otool64
configure:6961: result: no
configure:7006: checking for -single_module linker flag
gcc -g -O2  -o libconftest.dylib -dynamiclib -Wl,-single_module conftest.c
configure:7039: result: yes
configure:7042: checking for -exported_symbols_list linker flag
configure:7062: gcc -o conftest -g -O2   -Wl,-exported_symbols_list,conftest.sym conftest.c  >&5
configure:7062: $? = 0
configure:7072: result: yes
configure:7075: checking for -force_load linker flag
gcc -g -O2 -c -o conftest.o conftest.c
ar cru libconftest.a conftest.o
ranlib libconftest.a
gcc -g -O2  -o conftest conftest.c -Wl,-force_load,./libconftest.a
configure:7107: result: yes
configure:7149: checking how to run the C preprocessor
configure:7180: gcc -E  conftest.c
configure:7180: $? = 0
configure:7194: gcc -E  conftest.c
conftest.c:11:10: fatal error: 'ac_nonexistent.h' file not found
#include <ac_nonexistent.h>
         ^
1 error generated.
configure:7194: $? = 1
configure: failed program was:
| /* confdefs.h */
| #define PACKAGE_NAME "dystru"
| #define PACKAGE_TARNAME "dystru"
| #define PACKAGE_VERSION "0.1"
| #define PACKAGE_STRING "dystru 0.1"
| #define PACKAGE_BUGREPORT "mayer.florian@web.de"
| #define PACKAGE_URL ""
| #define PACKAGE "dystru"
| #define VERSION "0.1"
| /* end confdefs.h.  */
| #include <ac_nonexistent.h>
configure:7219: result: gcc -E
configure:7239: gcc -E  conftest.c
configure:7239: $? = 0
configure:7253: gcc -E  conftest.c
conftest.c:11:10: fatal error: 'ac_nonexistent.h' file not found
#include <ac_nonexistent.h>
         ^
1 error generated.
configure:7253: $? = 1
configure: failed program was:
| /* confdefs.h */
| #define PACKAGE_NAME "dystru"
| #define PACKAGE_TARNAME "dystru"
| #define PACKAGE_VERSION "0.1"
| #define PACKAGE_STRING "dystru 0.1"
| #define PACKAGE_BUGREPORT "mayer.florian@web.de"
| #define PACKAGE_URL ""
| #define PACKAGE "dystru"
| #define VERSION "0.1"
| /* end confdefs.h.  */
| #include <ac_nonexistent.h>
configure:7282: checking for ANSI C header files
configure:7302: gcc -c -g -O2  conftest.c >&5
configure:7302: $? = 0
configure:7375: gcc -o conftest -g -O2   conftest.c  >&5
configure:7375: $? = 0
configure:7375: ./conftest
configure:7375: $? = 0
configure:7386: result: yes
configure:7399: checking for sys/types.h
configure:7399: gcc -c -g -O2  conftest.c >&5
configure:7399: $? = 0
configure:7399: result: yes
configure:7399: checking for sys/stat.h
configure:7399: gcc -c -g -O2  conftest.c >&5
configure:7399: $? = 0
configure:7399: result: yes
configure:7399: checking for stdlib.h
configure:7399: gcc -c -g -O2  conftest.c >&5
configure:7399: $? = 0
configure:7399: result: yes
configure:7399: checking for string.h
configure:7399: gcc -c -g -O2  conftest.c >&5
configure:7399: $? = 0
configure:7399: result: yes
configure:7399: checking for memory.h
configure:7399: gcc -c -g -O2  conftest.c >&5
configure:7399: $? = 0
configure:7399: result: yes
configure:7399: checking for strings.h
configure:7399: gcc -c -g -O2  conftest.c >&5
configure:7399: $? = 0
configure:7399: result: yes
configure:7399: checking for inttypes.h
configure:7399: gcc -c -g -O2  conftest.c >&5
configure:7399: $? = 0
configure:7399: result: yes
configure:7399: checking for stdint.h
configure:7399: gcc -c -g -O2  conftest.c >&5
configure:7399: $? = 0
configure:7399: result: yes
configure:7399: checking for unistd.h
configure:7399: gcc -c -g -O2  conftest.c >&5
configure:7399: $? = 0
configure:7399: result: yes
configure:7413: checking for dlfcn.h
configure:7413: gcc -c -g -O2  conftest.c >&5
configure:7413: $? = 0
configure:7413: result: yes
configure:7619: checking for objdir
configure:7634: result: .libs
configure:7901: checking if gcc supports -fno-rtti -fno-exceptions
configure:7919: gcc -c -g -O2  -fno-rtti -fno-exceptions conftest.c >&5
configure:7923: $? = 0
configure:7936: result: yes
configure:8263: checking for gcc option to produce PIC
configure:8270: result: -fno-common -DPIC
configure:8278: checking if gcc PIC flag -fno-common -DPIC works
configure:8296: gcc -c -g -O2  -fno-common -DPIC -DPIC conftest.c >&5
configure:8300: $? = 0
configure:8313: result: yes
configure:8342: checking if gcc static flag -static works
configure:8370: result: no
configure:8385: checking if gcc supports -c -o file.o
configure:8406: gcc -c -g -O2  -o out/conftest2.o conftest.c >&5
configure:8410: $? = 0
configure:8432: result: yes
configure:8440: checking if gcc supports -c -o file.o
configure:8487: result: yes
configure:8520: checking whether the gcc linker (/Applications/Xcode.app/Contents/Developer/Toolchains/XcodeDefault.xctoolchain/usr/bin/ld) supports shared libraries
configure:9673: result: yes
configure:9913: checking dynamic linker characteristics
configure:10646: result: darwin13.0.0 dyld
configure:10753: checking how to hardcode library paths into programs
configure:10778: result: immediate
configure:11318: checking whether stripping libraries is possible
configure:11332: result: yes
configure:11358: checking if libtool supports shared libraries
configure:11360: result: yes
configure:11363: checking whether to build shared libraries
configure:11384: result: yes
configure:11387: checking whether to build static libraries
configure:11391: result: yes
configure:11482: checking for gcc
configure:11509: result: gcc
configure:11738: checking for C compiler version
configure:11747: gcc --version >&5
Apple LLVM version 5.0 (clang-500.2.79) (based on LLVM 3.3svn)
Target: x86_64-apple-darwin13.0.0
Thread model: posix
Configured with: --prefix=/Applications/Xcode.app/Contents/Developer/usr --with-gxx-include-dir=/usr/include/c++/4.2.1
configure:11758: $? = 0
configure:11747: gcc -v >&5
Configured with: --prefix=/Applications/Xcode.app/Contents/Developer/usr --with-gxx-include-dir=/usr/include/c++/4.2.1
Apple LLVM version 5.0 (clang-500.2.79) (based on LLVM 3.3svn)
Target: x86_64-apple-darwin13.0.0
Thread model: posix
configure:11758: $? = 0
configure:11747: gcc -V >&5
clang: error: argument to '-V' is missing (expected 1 value)
clang: error: no input files
configure:11758: $? = 1
configure:11747: gcc -qversion >&5
clang: error: no input files
configure:11758: $? = 1
configure:11762: checking whether we are using the GNU C compiler
configure:11790: result: yes
configure:11799: checking whether gcc accepts -g
configure:11860: result: yes
configure:11877: checking for gcc option to accept ISO C89
configure:11953: result: none needed
configure:11978: checking whether gcc understands -c and -o together
configure:12015: result: yes
configure:12034: checking dependency style of gcc
configure:12145: result: gcc3
configure:12161: checking for CU_initialize_registry in -lcunit
configure:12186: gcc -o conftest -g -O2   conftest.c -lcunit   >&5
configure:12186: $? = 0
configure:12195: result: yes
configure:12209: checking for stdlib.h
configure:12209: result: yes
configure:12219: checking for GNU libc compatible malloc
configure:12243: gcc -o conftest -g -O2   conftest.c -lcunit  >&5
configure:12243: $? = 0
configure:12243: ./conftest
configure:12243: $? = 0
configure:12253: result: yes
configure:12276: checking for stdlib.h
configure:12276: result: yes
configure:12286: checking for GNU libc compatible realloc
configure:12310: gcc -o conftest -g -O2   conftest.c -lcunit  >&5
configure:12310: $? = 0
configure:12310: ./conftest
configure:12310: $? = 0
configure:12320: result: yes
configure:12345: checking stdio.h, usability
configure:12345: gcc -c -g -O2  conftest.c >&5
conftest.c:61:10: fatal error: 'stdio.h,' file not found
#include <stdio.h,>
         ^
1 error generated.
configure:12345: $? = 1
configure: failed program was:
| /* confdefs.h */
| #define PACKAGE_NAME "dystru"
| #define PACKAGE_TARNAME "dystru"
| #define PACKAGE_VERSION "0.1"
| #define PACKAGE_STRING "dystru 0.1"
| #define PACKAGE_BUGREPORT "mayer.florian@web.de"
| #define PACKAGE_URL ""
| #define PACKAGE "dystru"
| #define VERSION "0.1"
| #define STDC_HEADERS 1
| #define HAVE_SYS_TYPES_H 1
| #define HAVE_SYS_STAT_H 1
| #define HAVE_STDLIB_H 1
| #define HAVE_STRING_H 1
| #define HAVE_MEMORY_H 1
| #define HAVE_STRINGS_H 1
| #define HAVE_INTTYPES_H 1
| #define HAVE_STDINT_H 1
| #define HAVE_UNISTD_H 1
| #define HAVE_DLFCN_H 1
| #define LT_OBJDIR ".libs/"
| #define HAVE_LIBCUNIT 1
| #define HAVE_STDLIB_H 1
| #define HAVE_MALLOC 1
| #define HAVE_STDLIB_H 1
| #define HAVE_REALLOC 1
| /* end confdefs.h.  */
| #include <stdio.h>
| #ifdef HAVE_SYS_TYPES_H
| # include <sys/types.h>
| #endif
| #ifdef HAVE_SYS_STAT_H
| # include <sys/stat.h>
| #endif
| #ifdef STDC_HEADERS
| # include <stdlib.h>
| # include <stddef.h>
| #else
| # ifdef HAVE_STDLIB_H
| #  include <stdlib.h>
| # endif
| #endif
| #ifdef HAVE_STRING_H
| # if !defined STDC_HEADERS && defined HAVE_MEMORY_H
| #  include <memory.h>
| # endif
| # include <string.h>
| #endif
| #ifdef HAVE_STRINGS_H
| # include <strings.h>
| #endif
| #ifdef HAVE_INTTYPES_H
| # include <inttypes.h>
| #endif
| #ifdef HAVE_STDINT_H
| # include <stdint.h>
| #endif
| #ifdef HAVE_UNISTD_H
| # include <unistd.h>
| #endif
| #include <stdio.h,>
configure:12345: result: no
configure:12345: checking stdio.h, presence
configure:12345: gcc -E  conftest.c
conftest.c:28:10: fatal error: 'stdio.h,' file not found
#include <stdio.h,>
         ^
1 error generated.
configure:12345: $? = 1
configure: failed program was:
| /* confdefs.h */
| #define PACKAGE_NAME "dystru"
| #define PACKAGE_TARNAME "dystru"
| #define PACKAGE_VERSION "0.1"
| #define PACKAGE_STRING "dystru 0.1"
| #define PACKAGE_BUGREPORT "mayer.florian@web.de"
| #define PACKAGE_URL ""
| #define PACKAGE "dystru"
| #define VERSION "0.1"
| #define STDC_HEADERS 1
| #define HAVE_SYS_TYPES_H 1
| #define HAVE_SYS_STAT_H 1
| #define HAVE_STDLIB_H 1
| #define HAVE_STRING_H 1
| #define HAVE_MEMORY_H 1
| #define HAVE_STRINGS_H 1
| #define HAVE_INTTYPES_H 1
| #define HAVE_STDINT_H 1
| #define HAVE_UNISTD_H 1
| #define HAVE_DLFCN_H 1
| #define LT_OBJDIR ".libs/"
| #define HAVE_LIBCUNIT 1
| #define HAVE_STDLIB_H 1
| #define HAVE_MALLOC 1
| #define HAVE_STDLIB_H 1
| #define HAVE_REALLOC 1
| /* end confdefs.h.  */
| #include <stdio.h,>
configure:12345: result: no
configure:12345: checking for stdio.h,
configure:12345: result: no
configure:12345: checking stdlib.h, usability
configure:12345: gcc -c -g -O2  conftest.c >&5
conftest.c:61:10: fatal error: 'stdlib.h,' file not found
#include <stdlib.h,>
         ^
1 error generated.
configure:12345: $? = 1
configure: failed program was:
| /* confdefs.h */
| #define PACKAGE_NAME "dystru"
| #define PACKAGE_TARNAME "dystru"
| #define PACKAGE_VERSION "0.1"
| #define PACKAGE_STRING "dystru 0.1"
| #define PACKAGE_BUGREPORT "mayer.florian@web.de"
| #define PACKAGE_URL ""
| #define PACKAGE "dystru"
| #define VERSION "0.1"
| #define STDC_HEADERS 1
| #define HAVE_SYS_TYPES_H 1
| #define HAVE_SYS_STAT_H 1
| #define HAVE_STDLIB_H 1
| #define HAVE_STRING_H 1
| #define HAVE_MEMORY_H 1
| #define HAVE_STRINGS_H 1
| #define HAVE_INTTYPES_H 1
| #define HAVE_STDINT_H 1
| #define HAVE_UNISTD_H 1
| #define HAVE_DLFCN_H 1
| #define LT_OBJDIR ".libs/"
| #define HAVE_LIBCUNIT 1
| #define HAVE_STDLIB_H 1
| #define HAVE_MALLOC 1
| #define HAVE_STDLIB_H 1
| #define HAVE_REALLOC 1
| /* end confdefs.h.  */
| #include <stdio.h>
| #ifdef HAVE_SYS_TYPES_H
| # include <sys/types.h>
| #endif
| #ifdef HAVE_SYS_STAT_H
| # include <sys/stat.h>
| #endif
| #ifdef STDC_HEADERS
| # include <stdlib.h>
| # include <stddef.h>
| #else
| # ifdef HAVE_STDLIB_H
| #  include <stdlib.h>
| # endif
| #endif
| #ifdef HAVE_STRING_H
| # if !defined STDC_HEADERS && defined HAVE_MEMORY_H
| #  include <memory.h>
| # endif
| # include <string.h>
| #endif
| #ifdef HAVE_STRINGS_H
| # include <strings.h>
| #endif
| #ifdef HAVE_INTTYPES_H
| # include <inttypes.h>
| #endif
| #ifdef HAVE_STDINT_H
| # include <stdint.h>
| #endif
| #ifdef HAVE_UNISTD_H
| # include <unistd.h>
| #endif
| #include <stdlib.h,>
configure:12345: result: no
configure:12345: checking stdlib.h, presence
configure:12345: gcc -E  conftest.c
conftest.c:28:10: fatal error: 'stdlib.h,' file not found
#include <stdlib.h,>
         ^
1 error generated.
configure:12345: $? = 1
configure: failed program was:
| /* confdefs.h */
| #define PACKAGE_NAME "dystru"
| #define PACKAGE_TARNAME "dystru"
| #define PACKAGE_VERSION "0.1"
| #define PACKAGE_STRING "dystru 0.1"
| #define PACKAGE_BUGREPORT "mayer.florian@web.de"
| #define PACKAGE_URL ""
| #define PACKAGE "dystru"
| #define VERSION "0.1"
| #define STDC_HEADERS 1
| #define HAVE_SYS_TYPES_H 1
| #define HAVE_SYS_STAT_H 1
| #define HAVE_STDLIB_H 1
| #define HAVE_STRING_H 1
| #define HAVE_MEMORY_H 1
| #define HAVE_STRINGS_H 1
| #define HAVE_INTTYPES_H 1
| #define HAVE_STDINT_H 1
| #define HAVE_UNISTD_H 1
| #define HAVE_DLFCN_H 1
| #define LT_OBJDIR ".libs/"
| #define HAVE_LIBCUNIT 1
| #define HAVE_STDLIB_H 1
| #define HAVE_MALLOC 1
| #define HAVE_STDLIB_H 1
| #define HAVE_REALLOC 1
| /* end confdefs.h.  */
| #include <stdlib.h,>
configure:12345: result: no
configure:12345: checking for stdlib.h,
configure:12345: result: no
configure:12345: checking CUnit/Cunit.h, usability
configure:12345: gcc -c -g -O2  conftest.c >&5
conftest.c:61:10: fatal error: 'CUnit/Cunit.h,' file not found
#include <CUnit/Cunit.h,>
         ^
1 error generated.
configure:12345: $? = 1
configure: failed program was:
| /* confdefs.h */
| #define PACKAGE_NAME "dystru"
| #define PACKAGE_TARNAME "dystru"
| #define PACKAGE_VERSION "0.1"
| #define PACKAGE_STRING "dystru 0.1"
| #define PACKAGE_BUGREPORT "mayer.florian@web.de"
| #define PACKAGE_URL ""
| #define PACKAGE "dystru"
| #define VERSION "0.1"
| #define STDC_HEADERS 1
| #define HAVE_SYS_TYPES_H 1
| #define HAVE_SYS_STAT_H 1
| #define HAVE_STDLIB_H 1
| #define HAVE_STRING_H 1
| #define HAVE_MEMORY_H 1
| #define HAVE_STRINGS_H 1
| #define HAVE_INTTYPES_H 1
| #define HAVE_STDINT_H 1
| #define HAVE_UNISTD_H 1
| #define HAVE_DLFCN_H 1
| #define LT_OBJDIR ".libs/"
| #define HAVE_LIBCUNIT 1
| #define HAVE_STDLIB_H 1
| #define HAVE_MALLOC 1
| #define HAVE_STDLIB_H 1
| #define HAVE_REALLOC 1
| /* end confdefs.h.  */
| #include <stdio.h>
| #ifdef HAVE_SYS_TYPES_H
| # include <sys/types.h>
| #endif
| #ifdef HAVE_SYS_STAT_H
| # include <sys/stat.h>
| #endif
| #ifdef STDC_HEADERS
| # include <stdlib.h>
| # include <stddef.h>
| #else
| # ifdef HAVE_STDLIB_H
| #  include <stdlib.h>
| # endif
| #endif
| #ifdef HAVE_STRING_H
| # if !defined STDC_HEADERS && defined HAVE_MEMORY_H
| #  include <memory.h>
| # endif
| # include <string.h>
| #endif
| #ifdef HAVE_STRINGS_H
| # include <strings.h>
| #endif
| #ifdef HAVE_INTTYPES_H
| # include <inttypes.h>
| #endif
| #ifdef HAVE_STDINT_H
| # include <stdint.h>
| #endif
| #ifdef HAVE_UNISTD_H
| # include <unistd.h>
| #endif
| #include <CUnit/Cunit.h,>
configure:12345: result: no
configure:12345: checking CUnit/Cunit.h, presence
configure:12345: gcc -E  conftest.c
conftest.c:28:10: fatal error: 'CUnit/Cunit.h,' file not found
#include <CUnit/Cunit.h,>
         ^
1 error generated.
configure:12345: $? = 1
configure: failed program was:
| /* confdefs.h */
| #define PACKAGE_NAME "dystru"
| #define PACKAGE_TARNAME "dystru"
| #define PACKAGE_VERSION "0.1"
| #define PACKAGE_STRING "dystru 0.1"
| #define PACKAGE_BUGREPORT "mayer.florian@web.de"
| #define PACKAGE_URL ""
| #define PACKAGE "dystru"
| #define VERSION "0.1"
| #define STDC_HEADERS 1
| #define HAVE_SYS_TYPES_H 1
| #define HAVE_SYS_STAT_H 1
| #define HAVE_STDLIB_H 1
| #define HAVE_STRING_H 1
| #define HAVE_MEMORY_H 1
| #define HAVE_STRINGS_H 1
| #define HAVE_INTTYPES_H 1
| #define HAVE_STDINT_H 1
| #define HAVE_UNISTD_H 1
| #define HAVE_DLFCN_H 1
| #define LT_OBJDIR ".libs/"
| #define HAVE_LIBCUNIT 1
| #define HAVE_STDLIB_H 1
| #define HAVE_MALLOC 1
| #define HAVE_STDLIB_H 1
| #define HAVE_REALLOC 1
| /* end confdefs.h.  */
| #include <CUnit/Cunit.h,>
configure:12345: result: no
configure:12345: checking for CUnit/Cunit.h,
configure:12345: result: no
configure:12345: checking CUnit/Basic.h usability
configure:12345: gcc -c -g -O2  conftest.c >&5
configure:12345: $? = 0
configure:12345: result: yes
configure:12345: checking CUnit/Basic.h presence
configure:12345: gcc -E  conftest.c
configure:12345: $? = 0
configure:12345: result: yes
configure:12345: checking for CUnit/Basic.h
configure:12345: result: yes
configure:12466: checking that generated files are newer than configure
configure:12472: result: done
configure:12499: creating ./config.status

## ---------------------- ##
## Running config.status. ##
## ---------------------- ##

This file was extended by dystru config.status 0.1, which was
generated by GNU Autoconf 2.69.  Invocation command line was

  CONFIG_FILES    = 
  CONFIG_HEADERS  = 
  CONFIG_LINKS    = 
  CONFIG_COMMANDS = 
  $ ./config.status 

on florians-mbp

config.status:1083: creating Makefile
config.status:1083: creating config.h
config.status:1312: executing depfiles commands
config.status:1312: executing libtool commands

## ---------------- ##
## Cache variables. ##
## ---------------- ##

ac_cv_build=x86_64-apple-darwin13.0.0
ac_cv_c_compiler_gnu=yes
ac_cv_env_CC_set=
ac_cv_env_CC_value=
ac_cv_env_CFLAGS_set=
ac_cv_env_CFLAGS_value=
ac_cv_env_CPPFLAGS_set=
ac_cv_env_CPPFLAGS_value=
ac_cv_env_CPP_set=
ac_cv_env_CPP_value=
ac_cv_env_LDFLAGS_set=
ac_cv_env_LDFLAGS_value=
ac_cv_env_LIBS_set=
ac_cv_env_LIBS_value=
ac_cv_env_build_alias_set=
ac_cv_env_build_alias_value=
ac_cv_env_host_alias_set=
ac_cv_env_host_alias_value=
ac_cv_env_target_alias_set=
ac_cv_env_target_alias_value=
ac_cv_func_malloc_0_nonnull=yes
ac_cv_func_realloc_0_nonnull=yes
ac_cv_header_CUnit_Basic_h=yes
ac_cv_header_CUnit_Cunit_h_=no
ac_cv_header_dlfcn_h=yes
ac_cv_header_inttypes_h=yes
ac_cv_header_memory_h=yes
ac_cv_header_stdc=yes
ac_cv_header_stdint_h=yes
ac_cv_header_stdio_h_=no
ac_cv_header_stdlib_h=yes
ac_cv_header_stdlib_h_=no
ac_cv_header_string_h=yes
ac_cv_header_strings_h=yes
ac_cv_header_sys_stat_h=yes
ac_cv_header_sys_types_h=yes
ac_cv_header_unistd_h=yes
ac_cv_host=x86_64-apple-darwin13.0.0
ac_cv_lib_cunit_CU_initialize_registry=yes
ac_cv_objext=o
ac_cv_path_EGREP='/usr/bin/grep -E'
ac_cv_path_FGREP='/usr/bin/grep -F'
ac_cv_path_GREP=/usr/bin/grep
ac_cv_path_SED=/usr/bin/sed
ac_cv_path_install='/usr/bin/install -c'
ac_cv_prog_AWK=awk
ac_cv_prog_CPP='gcc -E'
ac_cv_prog_ac_ct_AR=ar
ac_cv_prog_ac_ct_CC=gcc
ac_cv_prog_ac_ct_DSYMUTIL=dsymutil
ac_cv_prog_ac_ct_LIPO=lipo
ac_cv_prog_ac_ct_NMEDIT=nmedit
ac_cv_prog_ac_ct_OTOOL=otool
ac_cv_prog_ac_ct_RANLIB=ranlib
ac_cv_prog_ac_ct_STRIP=strip
ac_cv_prog_cc_c89=
ac_cv_prog_cc_g=yes
ac_cv_prog_make_make_set=yes
am_cv_CC_dependencies_compiler_type=gcc3
am_cv_make_support_nested_variables=yes
am_cv_prog_cc_c_o=yes
lt_cv_apple_cc_single_mod=yes
lt_cv_ar_at_file=no
lt_cv_deplibs_check_method=pass_all
lt_cv_file_magic_cmd='$MAGIC_CMD'
lt_cv_file_magic_test_file=
lt_cv_ld_exported_symbols_list=yes
lt_cv_ld_force_load=yes
lt_cv_ld_reload_flag=-r
lt_cv_nm_interface='BSD nm'
lt_cv_objdir=.libs
lt_cv_path_LD=/Applications/Xcode.app/Contents/Developer/Toolchains/XcodeDefault.xctoolchain/usr/bin/ld
lt_cv_path_NM=/opt/local/bin/nm
lt_cv_path_mainfest_tool=no
lt_cv_prog_compiler_c_o=yes
lt_cv_prog_compiler_pic='-fno-common -DPIC'
lt_cv_prog_compiler_pic_works=yes
lt_cv_prog_compiler_rtti_exceptions=yes
lt_cv_prog_compiler_static_works=no
lt_cv_prog_gnu_ld=no
lt_cv_sharedlib_from_linklib_cmd='printf %s\n'
lt_cv_sys_global_symbol_pipe='sed -n -e '\''s/^.*[	 ]\([BCDEGRST][BCDEGRST]*\)[	 ][	 ]*_\([_A-Za-z][_A-Za-z0-9]*\)$/\1 _\2 \2/p'\'' | sed '\''/ __gnu_lto/d'\'''
lt_cv_sys_global_symbol_to_c_name_address='sed -n -e '\''s/^: \([^ ]*\)[ ]*$/  {\"\1\", (void *) 0},/p'\'' -e '\''s/^[BCDEGRST]* \([^ ]*\) \([^ ]*\)$/  {"\2", (void *) \&\2},/p'\'''
lt_cv_sys_global_symbol_to_c_name_address_lib_prefix='sed -n -e '\''s/^: \([^ ]*\)[ ]*$/  {\"\1\", (void *) 0},/p'\'' -e '\''s/^[BCDEGRST]* \([^ ]*\) \(lib[^ ]*\)$/  {"\2", (void *) \&\2},/p'\'' -e '\''s/^[BCDEGRST]* \([^ ]*\) \([^ ]*\)$/  {"lib\2", (void *) \&\2},/p'\'''
lt_cv_sys_global_symbol_to_cdecl='sed -n -e '\''s/^T .* \(.*\)$/extern int \1();/p'\'' -e '\''s/^[BCDEGRST]* .* \(.*\)$/extern char \1;/p'\'''
lt_cv_sys_max_cmd_len=196608
lt_cv_to_host_file_cmd=func_convert_file_noop
lt_cv_to_tool_file_cmd=func_convert_file_noop

## ----------------- ##
## Output variables. ##
## ----------------- ##

ACLOCAL='${SHELL} /Users/florian/Repos/dystruct/missing aclocal-1.14'
AMDEPBACKSLASH='\'
AMDEP_FALSE='#'
AMDEP_TRUE=''
AMTAR='$${TAR-tar}'
AM_BACKSLASH='\'
AM_DEFAULT_V='$(AM_DEFAULT_VERBOSITY)'
AM_DEFAULT_VERBOSITY='1'
AM_V='$(V)'
AR='ar'
AUTOCONF='${SHELL} /Users/florian/Repos/dystruct/missing autoconf'
AUTOHEADER='${SHELL} /Users/florian/Repos/dystruct/missing autoheader'
AUTOMAKE='${SHELL} /Users/florian/Repos/dystruct/missing automake-1.14'
AWK='awk'
CC='gcc'
CCDEPMODE='depmode=gcc3'
CFLAGS='-g -O2'
CPP='gcc -E'
CPPFLAGS=''
CYGPATH_W='echo'
DEFS='-DHAVE_CONFIG_H'
DEPDIR='.deps'
DLLTOOL='false'
DSYMUTIL='dsymutil'
DUMPBIN=''
ECHO_C='\c'
ECHO_N=''
ECHO_T=''
EGREP='/usr/bin/grep -E'
EXEEXT=''
FGREP='/usr/bin/grep -F'
GREP='/usr/bin/grep'
INSTALL_DATA='${INSTALL} -m 644'
INSTALL_PROGRAM='${INSTALL}'
INSTALL_SCRIPT='${INSTALL}'
INSTALL_STRIP_PROGRAM='$(install_sh) -c -s'
LD='/Applications/Xcode.app/Contents/Developer/Toolchains/XcodeDefault.xctoolchain/usr/bin/ld'
LDFLAGS=''
LIBOBJS=''
LIBS='-lcunit '
LIBTOOL='$(SHELL) $(top_builddir)/libtool'
LIPO='lipo'
LN_S='ln -s'
LTLIBOBJS=''
MAKEINFO='${SHELL} /Users/florian/Repos/dystruct/missing makeinfo'
MANIFEST_TOOL=':'
MKDIR_P='./install-sh -c -d'
NM='/opt/local/bin/nm'
NMEDIT='nmedit'
OBJDUMP='false'
OBJEXT='o'
OTOOL64=':'
OTOOL='otool'
PACKAGE='dystru'
PACKAGE_BUGREPORT='mayer.florian@web.de'
PACKAGE_NAME='dystru'
PACKAGE_STRING='dystru 0.1'
PACKAGE_TARNAME='dystru'
PACKAGE_URL=''
PACKAGE_VERSION='0.1'
PATH_SEPARATOR=':'
RANLIB='ranlib'
SED='/usr/bin/sed'
SET_MAKE=''
SHELL='/bin/sh'
STRIP='strip'
VERSION='0.1'
ac_ct_AR='ar'
ac_ct_CC='gcc'
ac_ct_DUMPBIN=''
am__EXEEXT_FALSE=''
am__EXEEXT_TRUE='#'
am__fastdepCC_FALSE='#'
am__fastdepCC_TRUE=''
am__include='include'
am__isrc=''
am__leading_dot='.'
am__nodep='_no'
am__quote=''
am__tar='$${TAR-tar} chof - "$$tardir"'
am__untar='$${TAR-tar} xf -'
bindir='${exec_prefix}/bin'
build='x86_64-apple-darwin13.0.0'
build_alias=''
build_cpu='x86_64'
build_os='darwin13.0.0'
build_vendor='apple'
datadir='${datarootdir}'
datarootdir='${prefix}/share'
docdir='${datarootdir}/doc/${PACKAGE_TARNAME}'
dvidir='${docdir}'
exec_prefix='${prefix}'
host='x86_64-apple-darwin13.0.0'
host_alias=''
host_cpu='x86_64'
host_os='darwin13.0.0'
host_vendor='apple'
htmldir='${docdir}'
includedir='${prefix}/include'
infodir='${datarootdir}/info'
install_sh='${SHELL} /Users/florian/Repos/dystruct/install-sh'
libdir='${exec_prefix}/lib'
libexecdir='${exec_prefix}/libexec'
localedir='${datarootdir}/locale'
localstatedir='${prefix}/var'
mandir='${datarootdir}/man'
mkdir_p='$(MKDIR_P)'
oldincludedir='/usr/include'
pdfdir='${docdir}'
prefix='/usr/local'
program_transform_name='s,x,x,'
psdir='${docdir}'
sbindir='${exec_prefix}/sbin'
sharedstatedir='${prefix}/com'
sysconfdir='${prefix}/etc'
target_alias=''

## ----------- ##
## confdefs.h. ##
## ----------- ##

/* confdefs.h */
#define PACKAGE_NAME "dystru"
#define PACKAGE_TARNAME "dystru"
#define PACKAGE_VERSION "0.1"
#define PACKAGE_STRING "dystru 0.1"
#define PACKAGE_BUGREPORT "mayer.florian@web.de"
#define PACKAGE_URL ""
#define PACKAGE "dystru"
#define VERSION "0.1"
#define STDC_HEADERS 1
#define HAVE_SYS_TYPES_H 1
#define HAVE_SYS_STAT_H 1
#define HAVE_STDLIB_H 1
#define HAVE_STRING_H 1
#define HAVE_MEMORY_H 1
#define HAVE_STRINGS_H 1
#define HAVE_INTTYPES_H 1
#define HAVE_STDINT_H 1
#define HAVE_UNISTD_H 1
#define HAVE_DLFCN_H 1
#define LT_OBJDIR ".libs/"
#define HAVE_LIBCUNIT 1
#define HAVE_STDLIB_H 1
#define HAVE_MALLOC 1
#define HAVE_STDLIB_H 1
#define HAVE_REALLOC 1
#define HAVE_CUNIT_BASIC_H 1

configure: exit 0
